Loading module 'cuda/11.8.0'
Loading module 'gcc/9.2.0'

Loading [1mcuda/11.8.0[22m
  [94mLoading requirement[0m: gcc/9.2.0
python: can't open file '/scratch/ss17886/baseline/baseline_lora.py#!/bin/bash': [Errno 2] No such file or directory
Unloading module 'cuda/11.8.0'
Unloading module 'gcc/9.2.0'
Loading module 'cuda/11.8.0'
Loading module 'gcc/9.2.0'

Loading [1mcuda/11.8.0[22m
  [94mLoading requirement[0m: gcc/9.2.0
Traceback (most recent call last):
  File "/home/ss17886/.conda/envs/esm_repro/lib/python3.9/site-packages/huggingface_hub/utils/_http.py", line 403, in hf_raise_for_status
    response.raise_for_status()
  File "/home/ss17886/.conda/envs/esm_repro/lib/python3.9/site-packages/requests/models.py", line 1026, in raise_for_status
    raise HTTPError(http_error_msg, response=self)
requests.exceptions.HTTPError: 401 Client Error: Unauthorized for url: https://huggingface.co/esm2_t33_650M_UR50D/resolve/main/tokenizer_config.json

The above exception was the direct cause of the following exception:

Traceback (most recent call last):
  File "/home/ss17886/.conda/envs/esm_repro/lib/python3.9/site-packages/transformers/utils/hub.py", line 479, in cached_files
    hf_hub_download(
  File "/home/ss17886/.conda/envs/esm_repro/lib/python3.9/site-packages/huggingface_hub/utils/_validators.py", line 114, in _inner_fn
    return fn(*args, **kwargs)
  File "/home/ss17886/.conda/envs/esm_repro/lib/python3.9/site-packages/huggingface_hub/file_download.py", line 1014, in hf_hub_download
    return _hf_hub_download_to_cache_dir(
  File "/home/ss17886/.conda/envs/esm_repro/lib/python3.9/site-packages/huggingface_hub/file_download.py", line 1121, in _hf_hub_download_to_cache_dir
    _raise_on_head_call_error(head_call_error, force_download, local_files_only)
  File "/home/ss17886/.conda/envs/esm_repro/lib/python3.9/site-packages/huggingface_hub/file_download.py", line 1662, in _raise_on_head_call_error
    raise head_call_error
  File "/home/ss17886/.conda/envs/esm_repro/lib/python3.9/site-packages/huggingface_hub/file_download.py", line 1550, in _get_metadata_or_catch_error
    metadata = get_hf_file_metadata(
  File "/home/ss17886/.conda/envs/esm_repro/lib/python3.9/site-packages/huggingface_hub/utils/_validators.py", line 114, in _inner_fn
    return fn(*args, **kwargs)
  File "/home/ss17886/.conda/envs/esm_repro/lib/python3.9/site-packages/huggingface_hub/file_download.py", line 1467, in get_hf_file_metadata
    r = _request_wrapper(
  File "/home/ss17886/.conda/envs/esm_repro/lib/python3.9/site-packages/huggingface_hub/file_download.py", line 283, in _request_wrapper
    response = _request_wrapper(
  File "/home/ss17886/.conda/envs/esm_repro/lib/python3.9/site-packages/huggingface_hub/file_download.py", line 307, in _request_wrapper
    hf_raise_for_status(response)
  File "/home/ss17886/.conda/envs/esm_repro/lib/python3.9/site-packages/huggingface_hub/utils/_http.py", line 453, in hf_raise_for_status
    raise _format(RepositoryNotFoundError, message, response) from e
huggingface_hub.errors.RepositoryNotFoundError: 401 Client Error. (Request ID: Root=1-699ff502-69726fd016ead9ff428de3af;357458d7-e5c6-4d0a-8b90-54e4520e7af5)

Repository Not Found for url: https://huggingface.co/esm2_t33_650M_UR50D/resolve/main/tokenizer_config.json.
Please make sure you specified the correct `repo_id` and `repo_type`.
If you are trying to access a private or gated repo, make sure you are authenticated. For more details, see https://huggingface.co/docs/huggingface_hub/authentication
Invalid username or password.

The above exception was the direct cause of the following exception:

Traceback (most recent call last):
  File "/scratch/ss17886/baseline/baseline_full.py", line 50, in <module>
    tokenizer = AutoTokenizer.from_pretrained(MODEL_CHECKPOINT)
  File "/home/ss17886/.conda/envs/esm_repro/lib/python3.9/site-packages/transformers/models/auto/tokenization_auto.py", line 1089, in from_pretrained
    tokenizer_config = get_tokenizer_config(pretrained_model_name_or_path, **kwargs)
  File "/home/ss17886/.conda/envs/esm_repro/lib/python3.9/site-packages/transformers/models/auto/tokenization_auto.py", line 921, in get_tokenizer_config
    resolved_config_file = cached_file(
  File "/home/ss17886/.conda/envs/esm_repro/lib/python3.9/site-packages/transformers/utils/hub.py", line 322, in cached_file
    file = cached_files(path_or_repo_id=path_or_repo_id, filenames=[filename], **kwargs)
  File "/home/ss17886/.conda/envs/esm_repro/lib/python3.9/site-packages/transformers/utils/hub.py", line 511, in cached_files
    raise OSError(
OSError: esm2_t33_650M_UR50D is not a local folder and is not a valid model identifier listed on 'https://huggingface.co/models'
If this is a private repository, make sure to pass a token having permission to this repo either by logging in with `hf auth login` or by passing `token=<your_token>`
